<?xml version="1.0" encoding="UTF-8"?>
<!-- Generated by org.testng.reporters.JUnitXMLReporter -->
<testsuite hostname="A2ML21968" ignored="6" name="Web Scenarios Android Test" tests="10" failures="0" timestamp="11 Jul 2017 11:01:53 GMT" time="55.536" errors="0">
  <testcase name="Search Quantum" time="23.103" classname="com.qmetry.qaf.automation.step.client.Scenario"/>
  <testcase name="Search Quantum with results" time="3.579" classname="com.qmetry.qaf.automation.step.client.Scenario"/>
  <testcase name="Search Quantum with results" time="3.211" classname="com.qmetry.qaf.automation.step.client.Scenario"/>
  <testcase name="Search Keyword Inline Data" time="3.514" classname="com.qmetry.qaf.automation.step.client.DataDrivenScenario"/>
  <testcase name="Search Keyword Inline Data" time="3.367" classname="com.qmetry.qaf.automation.step.client.DataDrivenScenario"/>
  <testcase name="Search Keyword Inline Data" time="2.956" classname="com.qmetry.qaf.automation.step.client.DataDrivenScenario"/>
  <testcase name="Search Keyword XML Data" time="2.88" classname="com.qmetry.qaf.automation.step.client.DataDrivenScenario"/>
  <testcase name="Search Keyword XML Data" time="3.317" classname="com.qmetry.qaf.automation.step.client.DataDrivenScenario"/>
  <testcase name="Search Keyword CSV Data" time="2.794" classname="com.qmetry.qaf.automation.step.client.DataDrivenScenario"/>
  <testcase name="Search Keyword CSV Data" time="3.159" classname="com.qmetry.qaf.automation.step.client.DataDrivenScenario"/>
  <testcase name="Search Keyword Inline Data" time="0.0" classname="com.qmetry.qaf.automation.step.client.DataDrivenScenario">
    <ignored/>
  </testcase> <!-- Search Keyword Inline Data -->
  <testcase name="Search Keyword XML Data" time="0.0" classname="com.qmetry.qaf.automation.step.client.DataDrivenScenario">
    <ignored/>
  </testcase> <!-- Search Keyword XML Data -->
  <testcase name="Search Keyword CSV Data" time="0.0" classname="com.qmetry.qaf.automation.step.client.DataDrivenScenario">
    <ignored/>
  </testcase> <!-- Search Keyword CSV Data -->
  <testcase name="@BeforeSuite setupSuit" time="0.0" classname="com.qmetry.qaf.automation.ui.AbstractTestCase">
    <ignored/>
  </testcase> <!-- @BeforeSuite setupSuit -->
  <testcase name="@BeforeTest setupTest" time="0.0" classname="com.qmetry.qaf.automation.ui.AbstractTestCase">
    <ignored/>
  </testcase> <!-- @BeforeTest setupTest -->
  <testcase name="@AfterTest afterTest" time="0.0" classname="com.qmetry.qaf.automation.ui.AbstractTestCase">
    <ignored/>
  </testcase> <!-- @AfterTest afterTest -->
</testsuite> <!-- Web Scenarios Android Test -->
